<?xml version="1.0" encoding="UTF-8"?>
<testng-results ignored="0" total="1" passed="1" failed="0" skipped="0">
  <reporter-output>
  </reporter-output>
  <suite started-at="2023-08-22T19:21:06 IST" name="Default suite" finished-at="2023-08-22T19:21:25 IST" duration-ms="18794">
    <groups>
    </groups>
    <test started-at="2023-08-22T19:21:06 IST" name="Default test" finished-at="2023-08-22T19:21:25 IST" duration-ms="18794">
      <class name="newproject.automation1">
        <test-method is-config="true" signature="setup()[pri:0, instance:newproject.automation1@6771beb3]" started-at="2023-08-22T19:21:06 IST" name="setup" finished-at="2023-08-22T19:21:12 IST" duration-ms="5503" status="PASS">
          <reporter-output>
          </reporter-output>
        </test-method> <!-- setup -->
        <test-method is-config="true" signature="start()[pri:0, instance:newproject.automation1@6771beb3]" started-at="2023-08-22T19:21:12 IST" name="start" finished-at="2023-08-22T19:21:20 IST" duration-ms="7629" status="PASS">
          <reporter-output>
          </reporter-output>
        </test-method> <!-- start -->
        <test-method signature="test()[pri:0, instance:newproject.automation1@6771beb3]" started-at="2023-08-22T19:21:20 IST" name="test" finished-at="2023-08-22T19:21:25 IST" duration-ms="5571" status="PASS">
          <reporter-output>
          </reporter-output>
        </test-method> <!-- test -->
      </class> <!-- newproject.automation1 -->
    </test> <!-- Default test -->
  </suite> <!-- Default suite -->
</testng-results>
